Using pre-set license
Built from '2021.1/release' branch; Version is '2021.1.1f1 (6fdc41dfa55a) revision 7330881'; Using compiler version '192528614'; Build Type 'Release'
OS: 'Windows 10 Pro; OS build 19041.928; Version 2004; 64bit' Language: 'ru' Physical Memory: 4094 MB
BatchMode: 1, IsHumanControllingUs: 0, StartBugReporterOnCrash: 0, Is64bit: 1, IsPro: 0

 COMMAND LINE ARGUMENTS:
D:\Unity\2021.1.1f1\Editor\Unity.exe
-adb2
-batchMode
-noUpm
-name
AssetImportWorker0
-projectPath
D:/Progects/Tarot in habits
-logFile
Logs/AssetImportWorker0.log
-srvPort
57064
Successfully changed project path to: D:/Progects/Tarot in habits
D:/Progects/Tarot in habits
Using Asset Import Pipeline V2.
Refreshing native plugins compatible for Editor in 249.89 ms, found 2 plugins.
Preloading 0 native plugins for Editor in 0.00 ms.
Initialize engine version: 2021.1.1f1 (6fdc41dfa55a)
[Subsystems] Discovering subsystems at path D:/Unity/2021.1.1f1/Editor/Data/Resources/UnitySubsystems
[Subsystems] Discovering subsystems at path D:/Progects/Tarot in habits/Assets
GfxDevice: creating device client; threaded=0; jobified=0
Direct3D:
    Version:  Direct3D 11.0 [level 11.0]
    Renderer: NVIDIA GeForce GTX 670 (ID=0x1189)
    Vendor:   NVIDIA
    VRAM:     2007 MB
    Driver:   27.21.14.5671
Initialize mono
Mono path[0] = 'D:/Unity/2021.1.1f1/Editor/Data/Managed'
Mono path[1] = 'D:/Unity/2021.1.1f1/Editor/Data/MonoBleedingEdge/lib/mono/unityjit'
Mono config path = 'D:/Unity/2021.1.1f1/Editor/Data/MonoBleedingEdge/etc'
Using monoOptions --debugger-agent=transport=dt_socket,embedding=1,server=y,suspend=n,address=127.0.0.1:56708
Begin MonoManager ReloadAssembly
Registering precompiled unity dll's ...
Register platform support module: D:/Unity/2021.1.1f1/Editor/Data/PlaybackEngines/WindowsStandaloneSupport/UnityEditor.WindowsStandalone.Extensions.dll
Registered in 0.002313 seconds.
Native extension for WindowsStandalone target not found
Refreshing native plugins compatible for Editor in 229.42 ms, found 2 plugins.
Preloading 0 native plugins for Editor in 0.00 ms.
Mono: successfully reloaded assembly
- Completed reload, in  9.028 seconds
Platform modules already initialized, skipping
Registering precompiled user dll's ...
Registered in 0.006035 seconds.
Begin MonoManager ReloadAssembly
Native extension for WindowsStandalone target not found
Refreshing native plugins compatible for Editor in 245.89 ms, found 2 plugins.
Preloading 0 native plugins for Editor in 0.00 ms.
Mono: successfully reloaded assembly
- Completed reload, in  3.477 seconds
Platform modules already initialized, skipping
========================================================================
Worker process is ready to serve import requests
Launched and connected shader compiler UnityShaderCompiler.exe after 0.22 seconds
Refreshing native plugins compatible for Editor in 1.91 ms, found 2 plugins.
Preloading 0 native plugins for Editor in 0.00 ms.
Unloading 3370 Unused Serialized files (Serialized files now loaded: 0)
System memory in use before: 127.9 MB.
System memory in use after: 127.9 MB.

Unloading 29 unused Assets to reduce memory usage. Loaded Objects now: 3822.
Total: 8.857900 ms (FindLiveObjects: 1.341600 ms CreateObjectMapping: 0.691000 ms MarkObjects: 6.512900 ms  DeleteObjects: 0.308100 ms)

========================================================================
Received Import Request.
  path: Assets/UI/Persones
  artifactKey: Guid(206802b2dd87c074280fed925d3ab00e) Importer(815301076,1909f56bfc062723c751e8b465ee728b)
Start importing Assets/UI/Persones using Guid(206802b2dd87c074280fed925d3ab00e) Importer(815301076,1909f56bfc062723c751e8b465ee728b)  -> (artifact id: '918bfcce7cf9d6f55ef49f6db2f1ba2a') in 1.189706 seconds 
========================================================================
Received Import Request.
  Time since last request: 0.003081 seconds.
  path: Assets/UI/Persones/sovest.png
  artifactKey: Guid(9f26086d26b52204f963fddc1e2de21e) Importer(815301076,1909f56bfc062723c751e8b465ee728b)
Start importing Assets/UI/Persones/sovest.png using Guid(9f26086d26b52204f963fddc1e2de21e) Importer(815301076,1909f56bfc062723c751e8b465ee728b)  -> (artifact id: 'f57dcdba38f9d45b9b29696014438ede') in 1.202123 seconds 
AssetImportWorkerClient::OnTransportError - code=2 error=End of file
